2025-05-06 16:25:56,660 - INFO - ÕıÔÚ×¥È¡µÚ 1 Ò³£ºhttps://cs.zu.anjuke.com/fangyuan/p1/
2025-05-06 16:25:59,394 - INFO - µÚ 1 Ò³Êı¾İ±£´æ³É¹¦
2025-05-06 16:25:59,395 - INFO - ÕıÔÚ×¥È¡µÚ 2 Ò³£ºhttps://cs.zu.anjuke.com/fangyuan/p2/
2025-05-06 16:26:04,071 - INFO - µÚ 2 Ò³Êı¾İ±£´æ³É¹¦
2025-05-06 16:26:04,071 - INFO - ÕıÔÚ×¥È¡µÚ 3 Ò³£ºhttps://cs.zu.anjuke.com/fangyuan/p3/
2025-05-06 16:26:07,550 - INFO - µÚ 3 Ò³Êı¾İ±£´æ³É¹¦
2025-05-06 16:26:07,551 - INFO - ÕıÔÚ×¥È¡µÚ 4 Ò³£ºhttps://cs.zu.anjuke.com/fangyuan/p4/
2025-05-06 16:26:09,660 - INFO - µÚ 4 Ò³Êı¾İ±£´æ³É¹¦
2025-05-06 16:26:09,660 - INFO - ÕıÔÚ×¥È¡µÚ 5 Ò³£ºhttps://cs.zu.anjuke.com/fangyuan/p5/
2025-05-06 16:26:14,230 - INFO - µÚ 5 Ò³Êı¾İ±£´æ³É¹¦
2025-05-06 16:26:14,231 - INFO - ÕıÔÚ×¥È¡µÚ 6 Ò³£ºhttps://cs.zu.anjuke.com/fangyuan/p6/
2025-05-06 16:26:17,563 - INFO - µÚ 6 Ò³Êı¾İ±£´æ³É¹¦
2025-05-06 16:26:17,563 - INFO - ÕıÔÚ×¥È¡µÚ 7 Ò³£ºhttps://cs.zu.anjuke.com/fangyuan/p7/
2025-05-06 16:26:21,406 - INFO - µÚ 7 Ò³Êı¾İ±£´æ³É¹¦
2025-05-06 16:26:21,406 - INFO - ÕıÔÚ×¥È¡µÚ 8 Ò³£ºhttps://cs.zu.anjuke.com/fangyuan/p8/
2025-05-06 16:26:25,012 - INFO - µÚ 8 Ò³Êı¾İ±£´æ³É¹¦
2025-05-06 16:26:25,013 - INFO - ÕıÔÚ×¥È¡µÚ 9 Ò³£ºhttps://cs.zu.anjuke.com/fangyuan/p9/
2025-05-06 16:26:27,982 - INFO - µÚ 9 Ò³Êı¾İ±£´æ³É¹¦
2025-05-06 16:26:27,983 - INFO - ÕıÔÚ×¥È¡µÚ 10 Ò³£ºhttps://cs.zu.anjuke.com/fangyuan/p10/
2025-05-06 16:26:31,443 - INFO - µÚ 10 Ò³Êı¾İ±£´æ³É¹¦
2025-05-06 16:26:31,444 - INFO - ÕıÔÚ×¥È¡µÚ 11 Ò³£ºhttps://cs.zu.anjuke.com/fangyuan/p11/
2025-05-06 16:26:34,526 - INFO - µÚ 11 Ò³Êı¾İ±£´æ³É¹¦
2025-05-06 16:26:34,527 - INFO - ÕıÔÚ×¥È¡µÚ 12 Ò³£ºhttps://cs.zu.anjuke.com/fangyuan/p12/
2025-05-06 16:26:37,626 - INFO - µÚ 12 Ò³Êı¾İ±£´æ³É¹¦
2025-05-06 16:26:37,626 - INFO - ÕıÔÚ×¥È¡µÚ 13 Ò³£ºhttps://cs.zu.anjuke.com/fangyuan/p13/
2025-05-06 16:26:40,554 - INFO - µÚ 13 Ò³Êı¾İ±£´æ³É¹¦
2025-05-06 16:26:40,554 - INFO - ÕıÔÚ×¥È¡µÚ 14 Ò³£ºhttps://cs.zu.anjuke.com/fangyuan/p14/
2025-05-06 16:26:44,256 - INFO - µÚ 14 Ò³Êı¾İ±£´æ³É¹¦
2025-05-06 16:26:44,257 - INFO - ÕıÔÚ×¥È¡µÚ 15 Ò³£ºhttps://cs.zu.anjuke.com/fangyuan/p15/
2025-05-06 16:26:47,442 - INFO - µÚ 15 Ò³Êı¾İ±£´æ³É¹¦
2025-05-06 16:26:47,443 - INFO - ÕıÔÚ×¥È¡µÚ 16 Ò³£ºhttps://cs.zu.anjuke.com/fangyuan/p16/
2025-05-06 16:26:50,231 - INFO - µÚ 16 Ò³Êı¾İ±£´æ³É¹¦
2025-05-06 16:26:50,232 - INFO - ÕıÔÚ×¥È¡µÚ 17 Ò³£ºhttps://cs.zu.anjuke.com/fangyuan/p17/
2025-05-06 16:29:32,305 - INFO - ä»ç¬¬ 16 é¡µå¼€å§‹æŠ“å–æ•°æ®
2025-05-06 16:29:32,305 - INFO - æ­£åœ¨æŠ“å–ç¬¬ 16 é¡µï¼šhttps://cs.zu.anjuke.com/fangyuan/p16/
2025-05-06 16:29:34,420 - INFO - ç¬¬ 16 é¡µæ•°æ®ä¿å­˜æˆåŠŸ
2025-05-06 16:29:34,420 - INFO - æ­£åœ¨æŠ“å–ç¬¬ 17 é¡µï¼šhttps://cs.zu.anjuke.com/fangyuan/p17/
2025-05-06 16:29:37,293 - INFO - ç¬¬ 17 é¡µæ•°æ®ä¿å­˜æˆåŠŸ
2025-05-06 16:29:37,295 - INFO - æ­£åœ¨æŠ“å–ç¬¬ 18 é¡µï¼šhttps://cs.zu.anjuke.com/fangyuan/p18/
2025-05-06 16:29:41,434 - INFO - ç¬¬ 18 é¡µæ•°æ®ä¿å­˜æˆåŠŸ
2025-05-06 16:29:41,434 - INFO - æ­£åœ¨æŠ“å–ç¬¬ 19 é¡µï¼šhttps://cs.zu.anjuke.com/fangyuan/p19/
2025-05-06 16:29:44,927 - INFO - ç¬¬ 19 é¡µæ•°æ®ä¿å­˜æˆåŠŸ
2025-05-06 16:29:44,928 - INFO - æ­£åœ¨æŠ“å–ç¬¬ 20 é¡µï¼šhttps://cs.zu.anjuke.com/fangyuan/p20/
2025-05-06 16:29:48,373 - INFO - ç¬¬ 20 é¡µæ•°æ®ä¿å­˜æˆåŠŸ
2025-05-06 16:29:48,374 - INFO - æ­£åœ¨æŠ“å–ç¬¬ 21 é¡µï¼šhttps://cs.zu.anjuke.com/fangyuan/p21/
2025-05-06 16:29:51,252 - INFO - ç¬¬ 21 é¡µæ•°æ®ä¿å­˜æˆåŠŸ
2025-05-06 16:29:51,253 - INFO - æ­£åœ¨æŠ“å–ç¬¬ 22 é¡µï¼šhttps://cs.zu.anjuke.com/fangyuan/p22/
2025-05-06 16:29:55,345 - INFO - ç¬¬ 22 é¡µæ•°æ®ä¿å­˜æˆåŠŸ
2025-05-06 16:29:55,346 - INFO - æ­£åœ¨æŠ“å–ç¬¬ 23 é¡µï¼šhttps://cs.zu.anjuke.com/fangyuan/p23/
2025-05-06 16:29:58,580 - INFO - ç¬¬ 23 é¡µæ•°æ®ä¿å­˜æˆåŠŸ
2025-05-06 16:29:58,581 - INFO - æ­£åœ¨æŠ“å–ç¬¬ 24 é¡µï¼šhttps://cs.zu.anjuke.com/fangyuan/p24/
2025-05-06 16:30:01,698 - INFO - ç¬¬ 24 é¡µæ•°æ®ä¿å­˜æˆåŠŸ
2025-05-06 16:30:01,698 - INFO - æ­£åœ¨æŠ“å–ç¬¬ 25 é¡µï¼šhttps://cs.zu.anjuke.com/fangyuan/p25/
2025-05-06 16:30:04,701 - INFO - ç¬¬ 25 é¡µæ•°æ®ä¿å­˜æˆåŠŸ
2025-05-06 16:30:04,702 - INFO - æ­£åœ¨æŠ“å–ç¬¬ 26 é¡µï¼šhttps://cs.zu.anjuke.com/fangyuan/p26/
2025-05-06 16:30:08,596 - INFO - ç¬¬ 26 é¡µæ•°æ®ä¿å­˜æˆåŠŸ
2025-05-06 16:30:08,597 - INFO - æ­£åœ¨æŠ“å–ç¬¬ 27 é¡µï¼šhttps://cs.zu.anjuke.com/fangyuan/p27/
2025-05-06 16:30:11,286 - INFO - ç¬¬ 27 é¡µæ•°æ®ä¿å­˜æˆåŠŸ
2025-05-06 16:30:11,286 - INFO - æ­£åœ¨æŠ“å–ç¬¬ 28 é¡µï¼šhttps://cs.zu.anjuke.com/fangyuan/p28/
2025-05-06 16:30:15,385 - INFO - ç¬¬ 28 é¡µæ•°æ®ä¿å­˜æˆåŠŸ
2025-05-06 16:30:15,385 - INFO - æ­£åœ¨æŠ“å–ç¬¬ 29 é¡µï¼šhttps://cs.zu.anjuke.com/fangyuan/p29/
2025-05-06 16:30:19,133 - INFO - ç¬¬ 29 é¡µæ•°æ®ä¿å­˜æˆåŠŸ
2025-05-06 16:30:19,134 - INFO - æ­£åœ¨æŠ“å–ç¬¬ 30 é¡µï¼šhttps://cs.zu.anjuke.com/fangyuan/p30/
2025-05-06 16:30:22,831 - INFO - ç¬¬ 30 é¡µæ•°æ®ä¿å­˜æˆåŠŸ
2025-05-06 16:30:22,832 - INFO - æ­£åœ¨æŠ“å–ç¬¬ 31 é¡µï¼šhttps://cs.zu.anjuke.com/fangyuan/p31/
2025-05-06 16:30:26,143 - INFO - ç¬¬ 31 é¡µæ•°æ®ä¿å­˜æˆåŠŸ
2025-05-06 16:30:26,144 - INFO - æ­£åœ¨æŠ“å–ç¬¬ 32 é¡µï¼šhttps://cs.zu.anjuke.com/fangyuan/p32/
2025-05-06 16:30:29,931 - INFO - ç¬¬ 32 é¡µæ•°æ®ä¿å­˜æˆåŠŸ
2025-05-06 16:30:29,932 - INFO - æ­£åœ¨æŠ“å–ç¬¬ 33 é¡µï¼šhttps://cs.zu.anjuke.com/fangyuan/p33/
2025-05-06 16:30:33,933 - INFO - ç¬¬ 33 é¡µæ•°æ®ä¿å­˜æˆåŠŸ
2025-05-06 16:30:33,933 - INFO - æ­£åœ¨æŠ“å–ç¬¬ 34 é¡µï¼šhttps://cs.zu.anjuke.com/fangyuan/p34/
2025-05-06 16:30:35,457 - INFO - æœªå‘ç°æ›´å¤šæˆ¿æºï¼ŒæŠ“å–ç»“æŸ
2025-05-06 16:30:35,457 - INFO - ç¨‹åºè¿è¡Œç»“æŸ
2025-05-06 16:31:49,040 - INFO - ä»ç¬¬ 33 é¡µå¼€å§‹æŠ“å–æ•°æ®
2025-05-06 16:31:49,041 - INFO - æ­£åœ¨æŠ“å–ç¬¬ 33 é¡µï¼šhttps://cs.zu.anjuke.com/fangyuan/p33/
2025-05-06 16:31:52,219 - INFO - ç¬¬ 33 é¡µæ•°æ®ä¿å­˜æˆåŠŸ
2025-05-06 16:31:52,220 - INFO - æ­£åœ¨æŠ“å–ç¬¬ 34 é¡µï¼šhttps://cs.zu.anjuke.com/fangyuan/p34/
2025-05-06 16:31:55,483 - INFO - ç¬¬ 34 é¡µæ•°æ®ä¿å­˜æˆåŠŸ
2025-05-06 16:31:55,484 - INFO - æ­£åœ¨æŠ“å–ç¬¬ 35 é¡µï¼šhttps://cs.zu.anjuke.com/fangyuan/p35/
2025-05-06 16:31:59,618 - INFO - ç¬¬ 35 é¡µæ•°æ®ä¿å­˜æˆåŠŸ
2025-05-06 16:31:59,618 - INFO - æ­£åœ¨æŠ“å–ç¬¬ 36 é¡µï¼šhttps://cs.zu.anjuke.com/fangyuan/p36/
2025-05-06 16:32:03,347 - INFO - ç¬¬ 36 é¡µæ•°æ®ä¿å­˜æˆåŠŸ
2025-05-06 16:32:03,348 - INFO - æ­£åœ¨æŠ“å–ç¬¬ 37 é¡µï¼šhttps://cs.zu.anjuke.com/fangyuan/p37/
2025-05-06 16:32:07,011 - INFO - ç¬¬ 37 é¡µæ•°æ®ä¿å­˜æˆåŠŸ
2025-05-06 16:32:07,012 - INFO - æ­£åœ¨æŠ“å–ç¬¬ 38 é¡µï¼šhttps://cs.zu.anjuke.com/fangyuan/p38/
2025-05-06 16:32:10,700 - INFO - ç¬¬ 38 é¡µæ•°æ®ä¿å­˜æˆåŠŸ
2025-05-06 16:32:10,701 - INFO - æ­£åœ¨æŠ“å–ç¬¬ 39 é¡µï¼šhttps://cs.zu.anjuke.com/fangyuan/p39/
2025-05-06 16:32:13,977 - INFO - ç¬¬ 39 é¡µæ•°æ®ä¿å­˜æˆåŠŸ
2025-05-06 16:32:13,978 - INFO - æ­£åœ¨æŠ“å–ç¬¬ 40 é¡µï¼šhttps://cs.zu.anjuke.com/fangyuan/p40/
2025-05-06 16:32:16,592 - INFO - ç¬¬ 40 é¡µæ•°æ®ä¿å­˜æˆåŠŸ
2025-05-06 16:32:16,592 - INFO - æ­£åœ¨æŠ“å–ç¬¬ 41 é¡µï¼šhttps://cs.zu.anjuke.com/fangyuan/p41/
2025-05-06 16:32:18,976 - INFO - ç¬¬ 41 é¡µæ•°æ®ä¿å­˜æˆåŠŸ
2025-05-06 16:32:18,977 - INFO - æ­£åœ¨æŠ“å–ç¬¬ 42 é¡µï¼šhttps://cs.zu.anjuke.com/fangyuan/p42/
2025-05-06 16:32:23,179 - INFO - ç¬¬ 42 é¡µæ•°æ®ä¿å­˜æˆåŠŸ
2025-05-06 16:32:23,179 - INFO - æ­£åœ¨æŠ“å–ç¬¬ 43 é¡µï¼šhttps://cs.zu.anjuke.com/fangyuan/p43/
2025-05-06 16:32:26,722 - INFO - ç¬¬ 43 é¡µæ•°æ®ä¿å­˜æˆåŠŸ
2025-05-06 16:32:26,723 - INFO - æ­£åœ¨æŠ“å–ç¬¬ 44 é¡µï¼šhttps://cs.zu.anjuke.com/fangyuan/p44/
2025-05-06 16:32:30,636 - INFO - ç¬¬ 44 é¡µæ•°æ®ä¿å­˜æˆåŠŸ
2025-05-06 16:32:30,637 - INFO - æ­£åœ¨æŠ“å–ç¬¬ 45 é¡µï¼šhttps://cs.zu.anjuke.com/fangyuan/p45/
2025-05-06 16:32:32,996 - INFO - ç¬¬ 45 é¡µæ•°æ®ä¿å­˜æˆåŠŸ
2025-05-06 16:32:32,997 - INFO - æ­£åœ¨æŠ“å–ç¬¬ 46 é¡µï¼šhttps://cs.zu.anjuke.com/fangyuan/p46/
2025-05-06 16:32:42,444 - INFO - ç¬¬ 46 é¡µæ•°æ®ä¿å­˜æˆåŠŸ
2025-05-06 16:32:42,445 - INFO - æ­£åœ¨æŠ“å–ç¬¬ 47 é¡µï¼šhttps://cs.zu.anjuke.com/fangyuan/p47/
2025-05-06 16:32:47,423 - INFO - ç¬¬ 47 é¡µæ•°æ®ä¿å­˜æˆåŠŸ
2025-05-06 16:32:47,424 - INFO - æ­£åœ¨æŠ“å–ç¬¬ 48 é¡µï¼šhttps://cs.zu.anjuke.com/fangyuan/p48/
2025-05-06 16:32:52,225 - INFO - ç¬¬ 48 é¡µæ•°æ®ä¿å­˜æˆåŠŸ
2025-05-06 16:32:52,226 - INFO - æ­£åœ¨æŠ“å–ç¬¬ 49 é¡µï¼šhttps://cs.zu.anjuke.com/fangyuan/p49/
2025-05-06 16:32:57,077 - INFO - ç¬¬ 49 é¡µæ•°æ®ä¿å­˜æˆåŠŸ
2025-05-06 16:32:57,078 - INFO - æ­£åœ¨æŠ“å–ç¬¬ 50 é¡µï¼šhttps://cs.zu.anjuke.com/fangyuan/p50/
2025-05-06 16:33:06,960 - INFO - ç¬¬ 50 é¡µæ•°æ®ä¿å­˜æˆåŠŸ
2025-05-06 16:33:06,962 - INFO - æ­£åœ¨æŠ“å–ç¬¬ 51 é¡µï¼šhttps://cs.zu.anjuke.com/fangyuan/p51/
2025-05-06 16:33:18,878 - WARNING - ç¬¬ 51 é¡µæŠ“å–å¤±è´¥
2025-05-06 16:33:18,878 - INFO - æ­£åœ¨æŠ“å–ç¬¬ 51 é¡µï¼šhttps://cs.zu.anjuke.com/fangyuan/p51/
2025-05-06 16:33:21,029 - WARNING - ç¬¬ 51 é¡µæŠ“å–å¤±è´¥
2025-05-06 16:33:21,030 - INFO - æ­£åœ¨æŠ“å–ç¬¬ 51 é¡µï¼šhttps://cs.zu.anjuke.com/fangyuan/p51/
2025-05-06 16:33:25,274 - WARNING - ç¬¬ 51 é¡µæŠ“å–å¤±è´¥
2025-05-06 16:33:25,275 - INFO - æ­£åœ¨æŠ“å–ç¬¬ 51 é¡µï¼šhttps://cs.zu.anjuke.com/fangyuan/p51/
2025-05-06 16:33:26,329 - WARNING - ç¬¬ 51 é¡µæŠ“å–å¤±è´¥
2025-05-06 16:33:26,330 - INFO - æ­£åœ¨æŠ“å–ç¬¬ 51 é¡µï¼šhttps://cs.zu.anjuke.com/fangyuan/p51/
2025-05-06 16:33:27,458 - WARNING - ç¬¬ 51 é¡µæŠ“å–å¤±è´¥
2025-05-06 16:33:27,459 - ERROR - è¿ç»­å¤±è´¥è¶…è¿‡ 5 é¡µï¼Œç¨‹åºç»ˆæ­¢
2025-05-06 16:33:27,459 - INFO - ç¨‹åºè¿è¡Œç»“æŸ
2025-05-06 16:40:19,984 - INFO - ä»ç¬¬ 1 é¡µå¼€å§‹æŠ“å–æ•°æ®
2025-05-06 16:40:19,984 - INFO - æ­£åœ¨æŠ“å–ç¬¬ 1 é¡µï¼šhttps://wh.zu.anjuke.com/fangyuan/p1/
2025-05-06 16:40:23,876 - INFO - ç¬¬ 1 é¡µæ•°æ®ä¿å­˜æˆåŠŸ
2025-05-06 16:40:23,878 - INFO - æ­£åœ¨æŠ“å–ç¬¬ 2 é¡µï¼šhttps://wh.zu.anjuke.com/fangyuan/p2/
2025-05-06 16:40:28,398 - INFO - ç¬¬ 2 é¡µæ•°æ®ä¿å­˜æˆåŠŸ
2025-05-06 16:40:28,399 - INFO - æ­£åœ¨æŠ“å–ç¬¬ 3 é¡µï¼šhttps://wh.zu.anjuke.com/fangyuan/p3/
2025-05-06 16:40:30,890 - INFO - ç¬¬ 3 é¡µæ•°æ®ä¿å­˜æˆåŠŸ
2025-05-06 16:40:30,892 - INFO - æ­£åœ¨æŠ“å–ç¬¬ 4 é¡µï¼šhttps://wh.zu.anjuke.com/fangyuan/p4/
2025-05-06 16:40:34,845 - INFO - ç¬¬ 4 é¡µæ•°æ®ä¿å­˜æˆåŠŸ
2025-05-06 16:40:34,845 - INFO - æ­£åœ¨æŠ“å–ç¬¬ 5 é¡µï¼šhttps://wh.zu.anjuke.com/fangyuan/p5/
2025-05-06 16:40:37,342 - INFO - ç¬¬ 5 é¡µæ•°æ®ä¿å­˜æˆåŠŸ
2025-05-06 16:40:37,343 - INFO - æ­£åœ¨æŠ“å–ç¬¬ 6 é¡µï¼šhttps://wh.zu.anjuke.com/fangyuan/p6/
2025-05-06 16:40:40,531 - INFO - ç¬¬ 6 é¡µæ•°æ®ä¿å­˜æˆåŠŸ
2025-05-06 16:40:40,532 - INFO - æ­£åœ¨æŠ“å–ç¬¬ 7 é¡µï¼šhttps://wh.zu.anjuke.com/fangyuan/p7/
2025-05-06 16:40:44,063 - INFO - ç¬¬ 7 é¡µæ•°æ®ä¿å­˜æˆåŠŸ
2025-05-06 16:40:44,064 - INFO - æ­£åœ¨æŠ“å–ç¬¬ 8 é¡µï¼šhttps://wh.zu.anjuke.com/fangyuan/p8/
2025-05-06 16:40:46,996 - INFO - ç¬¬ 8 é¡µæ•°æ®ä¿å­˜æˆåŠŸ
2025-05-06 16:40:46,997 - INFO - æ­£åœ¨æŠ“å–ç¬¬ 9 é¡µï¼šhttps://wh.zu.anjuke.com/fangyuan/p9/
2025-05-06 16:40:49,861 - INFO - ç¬¬ 9 é¡µæ•°æ®ä¿å­˜æˆåŠŸ
2025-05-06 16:40:49,862 - INFO - æ­£åœ¨æŠ“å–ç¬¬ 10 é¡µï¼šhttps://wh.zu.anjuke.com/fangyuan/p10/
2025-05-06 16:40:53,145 - INFO - ç¬¬ 10 é¡µæ•°æ®ä¿å­˜æˆåŠŸ
2025-05-06 16:40:53,146 - INFO - æ­£åœ¨æŠ“å–ç¬¬ 11 é¡µï¼šhttps://wh.zu.anjuke.com/fangyuan/p11/
2025-05-06 16:40:56,736 - INFO - ç¬¬ 11 é¡µæ•°æ®ä¿å­˜æˆåŠŸ
2025-05-06 16:40:56,737 - INFO - æ­£åœ¨æŠ“å–ç¬¬ 12 é¡µï¼šhttps://wh.zu.anjuke.com/fangyuan/p12/
2025-05-06 16:41:00,802 - INFO - ç¬¬ 12 é¡µæ•°æ®ä¿å­˜æˆåŠŸ
2025-05-06 16:41:00,803 - INFO - æ­£åœ¨æŠ“å–ç¬¬ 13 é¡µï¼šhttps://wh.zu.anjuke.com/fangyuan/p13/
2025-05-06 16:41:04,371 - INFO - ç¬¬ 13 é¡µæ•°æ®ä¿å­˜æˆåŠŸ
2025-05-06 16:41:04,372 - INFO - æ­£åœ¨æŠ“å–ç¬¬ 14 é¡µï¼šhttps://wh.zu.anjuke.com/fangyuan/p14/
2025-05-06 16:41:07,709 - INFO - ç¬¬ 14 é¡µæ•°æ®ä¿å­˜æˆåŠŸ
2025-05-06 16:41:07,709 - INFO - æ­£åœ¨æŠ“å–ç¬¬ 15 é¡µï¼šhttps://wh.zu.anjuke.com/fangyuan/p15/
2025-05-06 16:41:11,287 - INFO - ç¬¬ 15 é¡µæ•°æ®ä¿å­˜æˆåŠŸ
2025-05-06 16:41:11,288 - INFO - æ­£åœ¨æŠ“å–ç¬¬ 16 é¡µï¼šhttps://wh.zu.anjuke.com/fangyuan/p16/
2025-05-06 16:41:15,046 - INFO - ç¬¬ 16 é¡µæ•°æ®ä¿å­˜æˆåŠŸ
2025-05-06 16:41:15,047 - INFO - æ­£åœ¨æŠ“å–ç¬¬ 17 é¡µï¼šhttps://wh.zu.anjuke.com/fangyuan/p17/
2025-05-06 16:41:19,305 - INFO - ç¬¬ 17 é¡µæ•°æ®ä¿å­˜æˆåŠŸ
2025-05-06 16:41:19,305 - INFO - æ­£åœ¨æŠ“å–ç¬¬ 18 é¡µï¼šhttps://wh.zu.anjuke.com/fangyuan/p18/
2025-05-06 16:41:23,174 - INFO - ç¬¬ 18 é¡µæ•°æ®ä¿å­˜æˆåŠŸ
2025-05-06 16:41:23,175 - INFO - æ­£åœ¨æŠ“å–ç¬¬ 19 é¡µï¼šhttps://wh.zu.anjuke.com/fangyuan/p19/
2025-05-06 16:41:26,916 - INFO - ç¬¬ 19 é¡µæ•°æ®ä¿å­˜æˆåŠŸ
2025-05-06 16:41:26,917 - INFO - æ­£åœ¨æŠ“å–ç¬¬ 20 é¡µï¼šhttps://wh.zu.anjuke.com/fangyuan/p20/
2025-05-06 16:41:30,245 - INFO - ç¬¬ 20 é¡µæ•°æ®ä¿å­˜æˆåŠŸ
2025-05-06 16:41:30,245 - INFO - æ­£åœ¨æŠ“å–ç¬¬ 21 é¡µï¼šhttps://wh.zu.anjuke.com/fangyuan/p21/
2025-05-06 16:41:33,276 - INFO - ç¬¬ 21 é¡µæ•°æ®ä¿å­˜æˆåŠŸ
2025-05-06 16:41:33,277 - INFO - æ­£åœ¨æŠ“å–ç¬¬ 22 é¡µï¼šhttps://wh.zu.anjuke.com/fangyuan/p22/
2025-05-06 16:41:35,726 - INFO - ç¬¬ 22 é¡µæ•°æ®ä¿å­˜æˆåŠŸ
2025-05-06 16:41:35,727 - INFO - æ­£åœ¨æŠ“å–ç¬¬ 23 é¡µï¼šhttps://wh.zu.anjuke.com/fangyuan/p23/
2025-05-06 16:41:38,747 - INFO - ç¬¬ 23 é¡µæ•°æ®ä¿å­˜æˆåŠŸ
2025-05-06 16:41:38,748 - INFO - æ­£åœ¨æŠ“å–ç¬¬ 24 é¡µï¼šhttps://wh.zu.anjuke.com/fangyuan/p24/
2025-05-06 16:41:41,094 - INFO - ç¬¬ 24 é¡µæ•°æ®ä¿å­˜æˆåŠŸ
2025-05-06 16:41:41,094 - INFO - æ­£åœ¨æŠ“å–ç¬¬ 25 é¡µï¼šhttps://wh.zu.anjuke.com/fangyuan/p25/
2025-05-06 16:41:44,837 - INFO - ç¬¬ 25 é¡µæ•°æ®ä¿å­˜æˆåŠŸ
2025-05-06 16:41:44,838 - INFO - æ­£åœ¨æŠ“å–ç¬¬ 26 é¡µï¼šhttps://wh.zu.anjuke.com/fangyuan/p26/
2025-05-06 16:41:48,576 - INFO - ç¬¬ 26 é¡µæ•°æ®ä¿å­˜æˆåŠŸ
2025-05-06 16:41:48,576 - INFO - æ­£åœ¨æŠ“å–ç¬¬ 27 é¡µï¼šhttps://wh.zu.anjuke.com/fangyuan/p27/
2025-05-06 16:41:52,701 - INFO - ç¬¬ 27 é¡µæ•°æ®ä¿å­˜æˆåŠŸ
2025-05-06 16:41:52,702 - INFO - æ­£åœ¨æŠ“å–ç¬¬ 28 é¡µï¼šhttps://wh.zu.anjuke.com/fangyuan/p28/
2025-05-06 16:41:55,522 - INFO - ç¬¬ 28 é¡µæ•°æ®ä¿å­˜æˆåŠŸ
2025-05-06 16:41:55,522 - INFO - æ­£åœ¨æŠ“å–ç¬¬ 29 é¡µï¼šhttps://wh.zu.anjuke.com/fangyuan/p29/
2025-05-06 16:41:58,700 - INFO - ç¬¬ 29 é¡µæ•°æ®ä¿å­˜æˆåŠŸ
2025-05-06 16:41:58,701 - INFO - æ­£åœ¨æŠ“å–ç¬¬ 30 é¡µï¼šhttps://wh.zu.anjuke.com/fangyuan/p30/
2025-05-06 16:42:01,252 - INFO - ç¬¬ 30 é¡µæ•°æ®ä¿å­˜æˆåŠŸ
2025-05-06 16:42:01,252 - INFO - æ­£åœ¨æŠ“å–ç¬¬ 31 é¡µï¼šhttps://wh.zu.anjuke.com/fangyuan/p31/
2025-05-06 16:42:04,931 - INFO - ç¬¬ 31 é¡µæ•°æ®ä¿å­˜æˆåŠŸ
2025-05-06 16:42:04,932 - INFO - æ­£åœ¨æŠ“å–ç¬¬ 32 é¡µï¼šhttps://wh.zu.anjuke.com/fangyuan/p32/
2025-05-06 16:42:08,271 - INFO - ç¬¬ 32 é¡µæ•°æ®ä¿å­˜æˆåŠŸ
2025-05-06 16:42:08,272 - INFO - æ­£åœ¨æŠ“å–ç¬¬ 33 é¡µï¼šhttps://wh.zu.anjuke.com/fangyuan/p33/
2025-05-06 16:42:11,741 - INFO - ç¬¬ 33 é¡µæ•°æ®ä¿å­˜æˆåŠŸ
2025-05-06 16:42:11,741 - INFO - æ­£åœ¨æŠ“å–ç¬¬ 34 é¡µï¼šhttps://wh.zu.anjuke.com/fangyuan/p34/
2025-05-06 16:42:16,210 - INFO - ç¬¬ 34 é¡µæ•°æ®ä¿å­˜æˆåŠŸ
2025-05-06 16:42:16,211 - INFO - æ­£åœ¨æŠ“å–ç¬¬ 35 é¡µï¼šhttps://wh.zu.anjuke.com/fangyuan/p35/
2025-05-06 16:42:19,566 - INFO - ç¬¬ 35 é¡µæ•°æ®ä¿å­˜æˆåŠŸ
2025-05-06 16:42:19,567 - INFO - æ­£åœ¨æŠ“å–ç¬¬ 36 é¡µï¼šhttps://wh.zu.anjuke.com/fangyuan/p36/
2025-05-06 16:42:22,260 - INFO - ç¬¬ 36 é¡µæ•°æ®ä¿å­˜æˆåŠŸ
2025-05-06 16:42:22,261 - INFO - æ­£åœ¨æŠ“å–ç¬¬ 37 é¡µï¼šhttps://wh.zu.anjuke.com/fangyuan/p37/
2025-05-06 16:42:26,841 - INFO - ç¬¬ 37 é¡µæ•°æ®ä¿å­˜æˆåŠŸ
2025-05-06 16:42:26,842 - INFO - æ­£åœ¨æŠ“å–ç¬¬ 38 é¡µï¼šhttps://wh.zu.anjuke.com/fangyuan/p38/
2025-05-06 16:42:29,214 - INFO - ç¬¬ 38 é¡µæ•°æ®ä¿å­˜æˆåŠŸ
2025-05-06 16:42:29,215 - INFO - æ­£åœ¨æŠ“å–ç¬¬ 39 é¡µï¼šhttps://wh.zu.anjuke.com/fangyuan/p39/
2025-05-06 16:42:31,931 - INFO - ç¬¬ 39 é¡µæ•°æ®ä¿å­˜æˆåŠŸ
2025-05-06 16:42:31,932 - INFO - æ­£åœ¨æŠ“å–ç¬¬ 40 é¡µï¼šhttps://wh.zu.anjuke.com/fangyuan/p40/
2025-05-06 16:42:34,859 - INFO - ç¬¬ 40 é¡µæ•°æ®ä¿å­˜æˆåŠŸ
2025-05-06 16:42:34,860 - INFO - æ­£åœ¨æŠ“å–ç¬¬ 41 é¡µï¼šhttps://wh.zu.anjuke.com/fangyuan/p41/
2025-05-06 16:42:38,105 - INFO - ç¬¬ 41 é¡µæ•°æ®ä¿å­˜æˆåŠŸ
2025-05-06 16:42:38,106 - INFO - æ­£åœ¨æŠ“å–ç¬¬ 42 é¡µï¼šhttps://wh.zu.anjuke.com/fangyuan/p42/
2025-05-06 16:42:41,458 - INFO - ç¬¬ 42 é¡µæ•°æ®ä¿å­˜æˆåŠŸ
2025-05-06 16:42:41,459 - INFO - æ­£åœ¨æŠ“å–ç¬¬ 43 é¡µï¼šhttps://wh.zu.anjuke.com/fangyuan/p43/
2025-05-06 16:42:46,344 - INFO - ç¬¬ 43 é¡µæ•°æ®ä¿å­˜æˆåŠŸ
2025-05-06 16:42:46,345 - INFO - æ­£åœ¨æŠ“å–ç¬¬ 44 é¡µï¼šhttps://wh.zu.anjuke.com/fangyuan/p44/
2025-05-06 16:42:50,617 - INFO - ç¬¬ 44 é¡µæ•°æ®ä¿å­˜æˆåŠŸ
2025-05-06 16:42:50,618 - INFO - æ­£åœ¨æŠ“å–ç¬¬ 45 é¡µï¼šhttps://wh.zu.anjuke.com/fangyuan/p45/
2025-05-06 16:42:53,690 - INFO - ç¬¬ 45 é¡µæ•°æ®ä¿å­˜æˆåŠŸ
2025-05-06 16:42:53,690 - INFO - æ­£åœ¨æŠ“å–ç¬¬ 46 é¡µï¼šhttps://wh.zu.anjuke.com/fangyuan/p46/
2025-05-06 16:42:57,876 - INFO - ç¬¬ 46 é¡µæ•°æ®ä¿å­˜æˆåŠŸ
2025-05-06 16:42:57,877 - INFO - æ­£åœ¨æŠ“å–ç¬¬ 47 é¡µï¼šhttps://wh.zu.anjuke.com/fangyuan/p47/
2025-05-06 16:43:01,659 - INFO - ç¬¬ 47 é¡µæ•°æ®ä¿å­˜æˆåŠŸ
2025-05-06 16:43:01,659 - INFO - æ­£åœ¨æŠ“å–ç¬¬ 48 é¡µï¼šhttps://wh.zu.anjuke.com/fangyuan/p48/
2025-05-06 16:43:05,836 - INFO - ç¬¬ 48 é¡µæ•°æ®ä¿å­˜æˆåŠŸ
2025-05-06 16:43:05,837 - INFO - æ­£åœ¨æŠ“å–ç¬¬ 49 é¡µï¼šhttps://wh.zu.anjuke.com/fangyuan/p49/
2025-05-06 16:43:09,267 - INFO - ç¬¬ 49 é¡µæ•°æ®ä¿å­˜æˆåŠŸ
2025-05-06 16:43:09,268 - INFO - æ­£åœ¨æŠ“å–ç¬¬ 50 é¡µï¼šhttps://wh.zu.anjuke.com/fangyuan/p50/
2025-05-06 16:43:13,176 - INFO - ç¬¬ 50 é¡µæ•°æ®ä¿å­˜æˆåŠŸ
2025-05-06 16:43:13,177 - INFO - æ­£åœ¨æŠ“å–ç¬¬ 51 é¡µï¼šhttps://wh.zu.anjuke.com/fangyuan/p51/
2025-05-06 16:43:14,434 - WARNING - ç¬¬ 51 é¡µæŠ“å–å¤±è´¥
2025-05-06 16:43:14,435 - INFO - æ­£åœ¨æŠ“å–ç¬¬ 51 é¡µï¼šhttps://wh.zu.anjuke.com/fangyuan/p51/
2025-05-06 16:43:15,584 - WARNING - ç¬¬ 51 é¡µæŠ“å–å¤±è´¥
2025-05-06 16:43:15,585 - INFO - æ­£åœ¨æŠ“å–ç¬¬ 51 é¡µï¼šhttps://wh.zu.anjuke.com/fangyuan/p51/
2025-05-06 16:43:16,716 - WARNING - ç¬¬ 51 é¡µæŠ“å–å¤±è´¥
2025-05-06 16:43:16,717 - INFO - æ­£åœ¨æŠ“å–ç¬¬ 51 é¡µï¼šhttps://wh.zu.anjuke.com/fangyuan/p51/
2025-05-06 16:43:17,925 - WARNING - ç¬¬ 51 é¡µæŠ“å–å¤±è´¥
2025-05-06 16:43:17,925 - INFO - æ­£åœ¨æŠ“å–ç¬¬ 51 é¡µï¼šhttps://wh.zu.anjuke.com/fangyuan/p51/
2025-05-06 16:43:19,088 - WARNING - ç¬¬ 51 é¡µæŠ“å–å¤±è´¥
2025-05-06 16:43:19,089 - ERROR - è¿ç»­å¤±è´¥è¶…è¿‡ 5 é¡µï¼Œç¨‹åºç»ˆæ­¢
2025-05-06 16:43:19,089 - INFO - ç¨‹åºè¿è¡Œç»“æŸ
2025-05-06 16:50:26,326 - INFO - ä»ç¬¬ 50 é¡µå¼€å§‹æŠ“å–æ•°æ®
2025-05-06 16:50:26,326 - INFO - æ­£åœ¨æŠ“å–ç¬¬ 50 é¡µï¼šhttps://wh.zu.anjuke.com/fangyuan/p50/
